[{"line":2,"elements":[{"start_timestamp":"2023-08-03T11:30:09.960Z","before":[{"result":{"duration":32835300,"status":"passed"},"match":{"location":"hooks.Hooks.setUo(io.cucumber.java.Scenario)"}}],"line":3,"name":"Homepage log in with valid username and password","description":"","id":"homepage-login-test;homepage-log-in-with-valid-username-and-password","after":[{"result":{"error_message":"org.openqa.selenium.NoSuchWindowException: no such window: target window already closed\nfrom unknown error: web view not found\n  (Session info: chrome=115.0.5790.110)\nBuild info: version: '4.10.0', revision: 'c14d967899'\nSystem info: os.name: 'Windows 11', os.arch: 'amd64', os.version: '10.0', java.version: '11.0.17'\nDriver info: org.openqa.selenium.chrome.ChromeDriver\nCommand: [51672ab132a86f905da57ee5bf749c5c, maximizeCurrentWindow {}]\nCapabilities {acceptInsecureCerts: false, browserName: chrome, browserVersion: 115.0.5790.110, chrome: {chromedriverVersion: 115.0.5790.170 (cc0d30c2ca5..., userDataDir: C:\\Users\\fethi\\AppData\\Loca...}, goog:chromeOptions: {debuggerAddress: localhost:64890}, networkConnectionEnabled: false, pageLoadStrategy: normal, platformName: windows, proxy: Proxy(), se:cdp: ws://localhost:64890/devtoo..., se:cdpVersion: 115.0.5790.110, setWindowRect: true, strictFileInteractability: false, timeouts: {implicit: 0, pageLoad: 300000, script: 30000}, unhandledPromptBehavior: dismiss and notify, webauthn:extension:credBlob: true, webauthn:extension:largeBlob: true, webauthn:extension:minPinLength: true, webauthn:extension:prf: true, webauthn:virtualAuthenticators: true}\nSession ID: 51672ab132a86f905da57ee5bf749c5c\r\n\tat java.base/jdk.internal.reflect.NativeConstructorAccessorImpl.newInstance0(Native Method)\r\n\tat java.base/jdk.internal.reflect.NativeConstructorAccessorImpl.newInstance(NativeConstructorAccessorImpl.java:62)\r\n\tat java.base/jdk.internal.reflect.DelegatingConstructorAccessorImpl.newInstance(DelegatingConstructorAccessorImpl.java:45)\r\n\tat java.base/java.lang.reflect.Constructor.newInstance(Constructor.java:490)\r\n\tat org.openqa.selenium.remote.codec.w3c.W3CHttpResponseCodec.createException(W3CHttpResponseCodec.java:199)\r\n\tat org.openqa.selenium.remote.codec.w3c.W3CHttpResponseCodec.decode(W3CHttpResponseCodec.java:132)\r\n\tat org.openqa.selenium.remote.codec.w3c.W3CHttpResponseCodec.decode(W3CHttpResponseCodec.java:51)\r\n\tat org.openqa.selenium.remote.HttpCommandExecutor.execute(HttpCommandExecutor.java:191)\r\n\tat org.openqa.selenium.remote.service.DriverCommandExecutor.invokeExecute(DriverCommandExecutor.java:196)\r\n\tat org.openqa.selenium.remote.service.DriverCommandExecutor.execute(DriverCommandExecutor.java:171)\r\n\tat org.openqa.selenium.remote.RemoteWebDriver.execute(RemoteWebDriver.java:531)\r\n\tat org.openqa.selenium.remote.RemoteWebDriver.execute(RemoteWebDriver.java:590)\r\n\tat org.openqa.selenium.remote.RemoteWebDriver.execute(RemoteWebDriver.java:594)\r\n\tat org.openqa.selenium.remote.RemoteWebDriver$RemoteWebDriverOptions$RemoteWindow.maximize(RemoteWebDriver.java:955)\r\n\tat utilities.Driver.getDriver(Driver.java:41)\r\n\tat hooks.Hooks.tearDown(Hooks.java:34)\r\n","duration":13869000,"status":"failed"},"match":{"location":"hooks.Hooks.tearDown(io.cucumber.java.Scenario)"}}],"type":"scenario","keyword":"Scenario","steps":[{"result":{"duration":11939592200,"status":"passed"},"line":4,"name":"i am on the homepage","match":{"location":"stepDefinitions.HomepageWithThreeSliders_StepDefinition.i_am_on_the_homepage()"},"keyword":"Given "},{"result":{"error_message":"org.openqa.selenium.NoSuchElementException: Unable to find element with locator By.xpath: //*[@id=\"username\"]\nFor documentation on this error, please visit: https://www.selenium.dev/documentation/webdriver/troubleshooting/errors#no-such-element-exception\nBuild info: version: '4.10.0', revision: 'c14d967899'\nSystem info: os.name: 'Windows 11', os.arch: 'amd64', os.version: '10.0', java.version: '11.0.17'\nDriver info: driver.version: RemoteWebDriver\r\n\tat org.openqa.selenium.remote.ElementLocation$ElementFinder$2.findElement(ElementLocation.java:168)\r\n\tat org.openqa.selenium.remote.ElementLocation.findElement(ElementLocation.java:59)\r\n\tat org.openqa.selenium.remote.RemoteWebDriver.findElement(RemoteWebDriver.java:350)\r\n\tat org.openqa.selenium.remote.RemoteWebDriver.findElement(RemoteWebDriver.java:344)\r\n\tat pages.Practice_Automation_Testing_MyAccountPage.enterUsername(Practice_Automation_Testing_MyAccountPage.java:19)\r\n\tat stepDefinitions.MyAccountPage_StepDefinition.iEnterRegisteredUsernameInUsernameTextbox(MyAccountPage_StepDefinition.java:14)\r\n\tat âœ½.i enter registered username in username textbox(file:///C:/Users/fethi/IdeaProjects/AutomationPractice_WithCucumber/src/test/resources/features/06_LogInWithValidUsernameAndPassword.feature:5)\r\n","duration":15078402000,"status":"failed"},"line":5,"name":"i enter registered username in username textbox","match":{"location":"stepDefinitions.MyAccountPage_StepDefinition.iEnterRegisteredUsernameInUsernameTextbox()"},"keyword":"When "},{"result":{"status":"skipped"},"line":6,"name":"i enter password in password textbox","match":{"location":"stepDefinitions.MyAccountPage_StepDefinition.iEnterPasswordInPasswordTextbox()"},"keyword":"When "},{"result":{"duration":3624300,"status":"skipped"},"line":7,"name":"i click on login button","match":{"location":"stepDefinitions.MyAccountPage_StepDefinition.iClickOnLoginButton()"},"keyword":"When "},{"result":{"status":"skipped"},"line":8,"name":"i must successfully login to the web page","match":{"location":"stepDefinitions.MyAccountPage_StepDefinition.iMustSuccessfullyLoginToTheWebPage()"},"keyword":"Then "}],"tags":[{"name":"@logIn"}]}],"name":"Homepage Login Test","description":"","id":"homepage-login-test","keyword":"Feature","uri":"file:src/test/resources/features/06_LogInWithValidUsernameAndPassword.feature","tags":[{"name":"@logIn","type":"Tag","location":{"line":1,"column":1}}]}]